2023-10-11 18:44:13,944 - __main__ - DEBUG - ========================================================
2023-10-11 18:44:13,944 - __main__ - DEBUG - File: screen01_choose_mode.py
2023-10-11 18:44:13,945 - __main__ - DEBUG - >>> class: Screen01ChooseMode
2023-10-11 18:44:14,372 - __main__ - DEBUG - ========================================================
2023-10-11 18:44:14,373 - __main__ - DEBUG - File: screen01_choose_mode.py
2023-10-11 18:44:14,373 - __main__ - DEBUG - >>> method: def __init__()
2023-10-11 18:44:14,373 - __main__ - INFO - Le fichier settings.json existe.
2023-10-11 18:44:14,373 - __main__ - INFO - Le fichier settings.json est inscriptible
2023-10-11 18:44:14,429 - __main__ - DEBUG - 
2023-10-11 18:44:14,430 - __main__ - DEBUG - File: screen01_choose_mode.py
2023-10-11 18:44:14,430 - __main__ - DEBUG - Fin de la method: def __init__() <<<
2023-10-11 18:44:14,430 - __main__ - DEBUG - ========================================================
2023-10-11 18:44:16,011 - __main__ - DEBUG - ========================================================
2023-10-11 18:44:16,011 - __main__ - DEBUG - File: screen01_choose_mode.py
2023-10-11 18:44:16,011 - __main__ - DEBUG - >>> method: def multiplayer_mode()
2023-10-11 18:44:16,011 - __main__ - INFO - =======================================================
2023-10-11 18:44:16,012 - __main__ - INFO - File: screen01_choose_mode.py
2023-10-11 18:44:16,012 - __main__ - INFO - Méthode: monoplayer_mode()
2023-10-11 18:44:16,012 - __main__ - INFO - 01: Le fichier settings.json a été créé avec succès.
2023-10-11 18:44:16,012 - __main__ - INFO - 
2023-10-11 18:44:16,012 - __main__ - DEBUG - ========================================================
2023-10-11 18:44:16,012 - __main__ - DEBUG - File: screen01_choose_mode.py
2023-10-11 18:44:16,012 - __main__ - DEBUG - >>> method: def open_new_window()
